# JRE version: OpenJDK Runtime Environment Microsoft-8297089 (17.0.8.1+1) (build 17.0.8.1+1-LTS)
# Java VM: OpenJDK 64-Bit Server VM Microsoft-8297089 (17.0.8.1+1-LTS, mixed mode, sharing, tiered, compressed oops, compressed class ptrs, g1 gc, windows-amd64)
GC Precious Log:
 CPUs: 4 total, 4 available
 Memory: 7764M
 Large Page Support: Disabled
 NUMA Support: Disabled
 Compressed Oops: Enabled (32-bit)
 Heap Region Size: 1M
 Heap Min Capacity: 8M
 Heap Initial Capacity: 122M
 Heap Max Capacity: 2G
 Pre-touch: Disabled
 Parallel Workers: 4
 Concurrent Workers: 1
 Concurrent Refinement Workers: 4
 Periodic GC: Disabled
Heap:
 garbage-first heap   total 222208K, used 181475K [0x0000000080000000, 0x0000000100000000)
  region size 1024K, 21 young (21504K), 2 survivors (2048K)
 Metaspace       used 96629K, committed 97472K, reserved 557056K
  class space    used 13294K, committed 13696K, reserved 425984K
GC Heap History (20 events):
Event: 38.163 GC heap before
{Heap before GC invocations=41 (full 0):
 garbage-first heap   total 222208K, used 121251K [0x0000000080000000, 0x0000000100000000)
  region size 1024K, 10 young (10240K), 8 survivors (8192K)
 Metaspace       used 83789K, committed 84608K, reserved 557056K
  class space    used 11666K, committed 12032K, reserved 425984K
}
Event: 38.171 GC heap after
{Heap after GC invocations=42 (full 0):
 garbage-first heap   total 222208K, used 119662K [0x0000000080000000, 0x0000000100000000)
  region size 1024K, 1 young (1024K), 1 survivors (1024K)
 Metaspace       used 83789K, committed 84608K, reserved 557056K
  class space    used 11666K, committed 12032K, reserved 425984K
}
Event: 41.517 GC heap before
{Heap before GC invocations=42 (full 0):
 garbage-first heap   total 222208K, used 167790K [0x0000000080000000, 0x0000000100000000)
  region size 1024K, 48 young (49152K), 1 survivors (1024K)
 Metaspace       used 86160K, committed 86976K, reserved 557056K
  class space    used 11958K, committed 12352K, reserved 425984K
}
Event: 41.528 GC heap after
{Heap after GC invocations=43 (full 0):
 garbage-first heap   total 222208K, used 124966K [0x0000000080000000, 0x0000000100000000)
  region size 1024K, 6 young (6144K), 6 survivors (6144K)
 Metaspace       used 86160K, committed 86976K, reserved 557056K
  class space    used 11958K, committed 12352K, reserved 425984K
}
Event: 42.375 GC heap before
{Heap before GC invocations=43 (full 0):
 garbage-first heap   total 222208K, used 173094K [0x0000000080000000, 0x0000000100000000)
  region size 1024K, 51 young (52224K), 6 survivors (6144K)
 Metaspace       used 88951K, committed 89728K, reserved 557056K
  class space    used 12367K, committed 12736K, reserved 425984K
}
Event: 42.397 GC heap after
{Heap after GC invocations=44 (full 0):
 garbage-first heap   total 222208K, used 135294K [0x0000000080000000, 0x0000000100000000)
  region size 1024K, 7 young (7168K), 7 survivors (7168K)
 Metaspace       used 88951K, committed 89728K, reserved 557056K
  class space    used 12367K, committed 12736K, reserved 425984K
}
Event: 43.584 GC heap before
{Heap before GC invocations=44 (full 0):
 garbage-first heap   total 222208K, used 176254K [0x0000000080000000, 0x0000000100000000)
  region size 1024K, 47 young (48128K), 7 survivors (7168K)
 Metaspace       used 92287K, committed 93184K, reserved 557056K
  class space    used 12784K, committed 13248K, reserved 425984K
}
Event: 43.602 GC heap after
{Heap after GC invocations=45 (full 0):
 garbage-first heap   total 222208K, used 140716K [0x0000000080000000, 0x0000000100000000)
  region size 1024K, 5 young (5120K), 5 survivors (5120K)
 Metaspace       used 92287K, committed 93184K, reserved 557056K
  class space    used 12784K, committed 13248K, reserved 425984K
}
Event: 45.119 GC heap before
{Heap before GC invocations=45 (full 0):
 garbage-first heap   total 222208K, used 179628K [0x0000000080000000, 0x0000000100000000)
  region size 1024K, 43 young (44032K), 5 survivors (5120K)
 Metaspace       used 93550K, committed 94464K, reserved 557056K
  class space    used 12939K, committed 13376K, reserved 425984K
}
Event: 45.141 GC heap after
{Heap after GC invocations=46 (full 0):
 garbage-first heap   total 222208K, used 145868K [0x0000000080000000, 0x0000000100000000)
  region size 1024K, 6 young (6144K), 6 survivors (6144K)
 Metaspace       used 93550K, committed 94464K, reserved 557056K
  class space    used 12939K, committed 13376K, reserved 425984K
}
Event: 45.814 GC heap before
{Heap before GC invocations=46 (full 0):
 garbage-first heap   total 222208K, used 181708K [0x0000000080000000, 0x0000000100000000)
  region size 1024K, 41 young (41984K), 6 survivors (6144K)
 Metaspace       used 95315K, committed 96128K, reserved 557056K
  class space    used 13156K, committed 13568K, reserved 425984K
}
Event: 45.834 GC heap after
{Heap after GC invocations=47 (full 0):
 garbage-first heap   total 222208K, used 150650K [0x0000000080000000, 0x0000000100000000)
  region size 1024K, 5 young (5120K), 5 survivors (5120K)
 Metaspace       used 95315K, committed 96128K, reserved 557056K
  class space    used 13156K, committed 13568K, reserved 425984K
}
Event: 46.828 GC heap before
{Heap before GC invocations=47 (full 0):
 garbage-first heap   total 222208K, used 182394K [0x0000000080000000, 0x0000000100000000)
  region size 1024K, 37 young (37888K), 5 survivors (5120K)
 Metaspace       used 95970K, committed 96832K, reserved 557056K
  class space    used 13221K, committed 13632K, reserved 425984K
}
Event: 46.842 GC heap after
{Heap after GC invocations=48 (full 0):
 garbage-first heap   total 222208K, used 152926K [0x0000000080000000, 0x0000000100000000)
  region size 1024K, 3 young (3072K), 3 survivors (3072K)
 Metaspace       used 95970K, committed 96832K, reserved 557056K
  class space    used 13221K, committed 13632K, reserved 425984K
}
Event: 47.880 GC heap before
{Heap before GC invocations=48 (full 0):
 garbage-first heap   total 222208K, used 184670K [0x0000000080000000, 0x0000000100000000)
  region size 1024K, 35 young (35840K), 3 survivors (3072K)
 Metaspace       used 96608K, committed 97472K, reserved 557056K
  class space    used 13293K, committed 13696K, reserved 425984K
}
Event: 47.893 GC heap after
{Heap after GC invocations=49 (full 0):
 garbage-first heap   total 222208K, used 155062K [0x0000000080000000, 0x0000000100000000)
  region size 1024K, 5 young (5120K), 5 survivors (5120K)
 Metaspace       used 96608K, committed 97472K, reserved 557056K
  class space    used 13293K, committed 13696K, reserved 425984K
}
Event: 48.599 GC heap before
{Heap before GC invocations=49 (full 0):
 garbage-first heap   total 222208K, used 186806K [0x0000000080000000, 0x0000000100000000)
  region size 1024K, 37 young (37888K), 5 survivors (5120K)
 Metaspace       used 96612K, committed 97472K, reserved 557056K
  class space    used 13293K, committed 13696K, reserved 425984K
}
Event: 48.611 GC heap after
{Heap after GC invocations=50 (full 0):
 garbage-first heap   total 222208K, used 158214K [0x0000000080000000, 0x0000000100000000)
  region size 1024K, 5 young (5120K), 5 survivors (5120K)
 Metaspace       used 96612K, committed 97472K, reserved 557056K
  class space    used 13293K, committed 13696K, reserved 425984K
}
Event: 49.211 GC heap before
{Heap before GC invocations=50 (full 0):
 garbage-first heap   total 222208K, used 186886K [0x0000000080000000, 0x0000000100000000)
  region size 1024K, 34 young (34816K), 5 survivors (5120K)
 Metaspace       used 96614K, committed 97472K, reserved 557056K
  class space    used 13294K, committed 13696K, reserved 425984K
}
Event: 49.223 GC heap after
{Heap after GC invocations=51 (full 0):
 garbage-first heap   total 222208K, used 159971K [0x0000000080000000, 0x0000000100000000)
  region size 1024K, 2 young (2048K), 2 survivors (2048K)
 Metaspace       used 96614K, committed 97472K, reserved 557056K
  class space    used 13294K, committed 13696K, reserved 425984K
}

